<?xml version="1.0" encoding="UTF-8"?>
<!-- Generated by org.testng.reporters.JUnitReportReporter -->
<testsuite hostname="INNOSZPC00712" name="saucetest.TestClass" tests="1" failures="0" timestamp="28 Aug 2017 10:35:59 GMT" time="10.765" errors="0">
  <testcase name="SampleTest" time="10.765" classname="saucetest.TestClass"/>
</testsuite>
